<?xml version="1.0" encoding="utf-8"?><testsuites name="pytest tests"><testsuite name="pytest" errors="0" failures="0" skipped="0" tests="24" time="1.459" timestamp="2026-09-24T00:58:36.341640+05:30" hostname="Haseebs-MacBook-Pro.local"><testcase classname="tests.test_automated_testing_retries" name="test_feedback_recorded_is_not_counted_as_active_training" time="0.024" /><testcase classname="tests.test_automated_testing_retries" name="test_evaluate_model_on_tasks_trains_on_failure_with_exact_code" time="0.001" /><testcase classname="tests.test_automated_testing_retries" name="test_benchmark_datasets_have_balanced_difficulty_levels" time="0.003" /><testcase classname="tests.test_automated_testing_retries" name="test_evaluate_model_on_tasks_skips_train_when_passed" time="0.002" /><testcase classname="tests.test_automated_testing_retries" name="test_bot_submit_correction_calls_client" time="0.001" /><testcase classname="tests.test_automated_testing_retries" name="test_training_uses_sample_verified_retry_code_after_initial_failure" time="0.001" /><testcase classname="tests.test_automated_testing_retries" name="test_cli_train_argument" time="0.001" /><testcase classname="tests.test_automated_testing_retries" name="test_build_task_prompt_with_buggy_code" time="0.000" /><testcase classname="tests.test_automated_testing_retries" name="test_build_task_retry_prompt" time="0.000" /><testcase classname="tests.test_automated_testing_retries" name="test_cli_accepts_multiple_specific_task_ids" time="0.001" /><testcase classname="tests.test_automated_testing_retries" name="test_build_task_prompt_without_stdin" time="0.000" /><testcase classname="tests.test_automated_testing_retries" name="test_evaluate_model_on_tasks_recovers_on_retry" time="0.001" /><testcase classname="tests.test_automated_testing_retries" name="test_resolve_tasks_path_shortcuts" time="0.000" /><testcase classname="tests.test_automated_testing_retries" name="test_resolve_selected_models_defaults_to_single_model" time="0.001" /><testcase classname="tests.test_automated_testing_retries" name="test_run_automated_testing_keeps_retry_toggle_separate_from_dataset_mode" time="0.005" /><testcase classname="tests.test_client" name="test_chat_requests_from_separate_clients_share_per_key_pacing" time="0.430" /><testcase classname="tests.test_client" name="test_server_error_mapping" time="0.021" /><testcase classname="tests.test_client" name="test_rate_limit_error_mapping" time="0.022" /><testcase classname="tests.test_client" name="test_request_pacer_spaces_six_requests_for_one_key_by_200ms" time="0.002" /><testcase classname="tests.test_client" name="test_stream_chunk_generator" time="0.021" /><testcase classname="tests.test_client" name="test_connection_error_mapping" time="0.021" /><testcase classname="tests.test_client" name="test_request_pacer_does_not_share_slots_between_different_keys" time="0.000" /><testcase classname="tests.test_client" name="test_authentication_error_mapping" time="0.021" /><testcase classname="tests.test_client" name="test_bad_request_error_mapping" time="0.022" /></testsuite></testsuites>